2.0 (2015-??-??)
================
* Both   - [feature] Added ability to define the SSH user to use. (Issue #182)

2.0-rc2 (2015-03-11)
====================
* Server - [improvement] Swapped /tmp for sys_get_temp_dir().
* Server - [improvement] Incorporated mod_headers to save bandwidth.
* Server - [improvement] SSH keys can now be saved if the file already exists.
* Server - [improvement] Admin logs are now wordwrapped if the data is too long.

2.0-rc1 (2015-03-05)
====================
* Server - [improvement] The installer provides the correct error message when
           the database connection fails.
* Server - [improvement] The installer now works with MySQL auto_increment_offset
           that is greater than one.

2.0-beta2 (2015-02-18)
======================
* Server - [improvement] The installer now uses checkmarks instead of text.
* Server - [improvement] Modules can now be managed in bulk.
* Server - [improvement] The upgrader will now run the module upgrade routines.
* Server - [improvement] Server config build previews now display line numbers
           and highlight lines in question.
* Server - [feature] User accounts can now be created from a user template.
* Server - [improvement] LDAP user template can now be undefined which will deny
           authentication. This is to add another level of user access control.

2.0-beta1 (2015-01-24)
======================
* Server - [security] Added ability to enable/disable automatic client
           registration in the database. (Issue #122)
* Server - [bug] Fixed PHP error at login screen when session times out.
* Server - [improvement] Upgraded to select2 3.5.2.
* Server - [improvement] jQuery is now used to enable/disable users.
* Server - [improvement] The installer and upgrader received a facelift.
* Server - [bug] Fixed an issue where user permissions could not be removed when
           editing a user account.

2.0-alpha2 (2015-01-13)
=======================
* Client - [improvement] Added support for sudoers includedir parameter and no
           longer disables requiretty and env_reset globally.
* Server - [bug] Fixed Firefox css issues (introduced in 2.0-alpha1).
* Server - [improvement] Skips apache rewrite module check for CGI/FCGI
           implementations. (Issue #91)
* Server - [feature] FM_NO_HTACCESS is now a supported defined constant to
           remove .htaccess requirement. (Issue #73)
* Server - [improvement] Updated help file.
* Server - [bug] Installer now checks to ensure the database and records already
           exist before running. (Issue #166)
* Server - [improvement] Remove the Admin->Users menu item when authentication
           is not used.
* Server - [improvement] Fixed PHP session errors when no authentication is used.
* Server - [bug] Fixed bulk action checkbox logic.
* Server - [bug] Fixed PHP errors during user account window when using a module
           other than fmDNS (introduced in 1.3).
* Server - [feature] Added i18n support. (Issue #106)
* Server - [bug] Fixed upgrade messages after facileManager is upgraded.

2.0-alpha1 (2014-11-20)
=======================
* Server - [improvement] Updated pagination handling.
* Server - [feature] Added ability to update all servers with a single click on
           the top menu bar. (Issue #116)
* Server - [improvement] Improved support for Admin Tools error messages.
* Server - [improvement] Popup boxes are now draggable.
* Server - [feature] Added framework for record searching. (Issue #149)

1.3.1 (2014-11-10)
==================
* Client - [bug] Fixed issue where config file parameters are not found and an
           empty value is returned. (Issue #163)
* Server - [bug] Fixed database cleanup routine.

1.3 (2014-09-17)
================
* Server - [bug] Fixed config build errors and display issues.
* Server - Added dependency check for posix php module.
* Server - [bug] Fixed install wizard for database checks as databases could not
           be created through the installer. (Issue #72)
* Server - [bug] Fixed menu badge counts.
* Server - [feature] Added support for select2 jquery.
* Server - [improvement] Gave the popups a facelift.
* Server - [bug] Fixed an issue where changing personal user profile would remove
           all user permissions.
* Server - [improvement] Pagination is now dynamic. (Issue #85)
* Both   - [feature] Added OS display support for Raspberry Pi. (Issue #108)
* Server - [improvement] Added a check for the PHP filter module. (Issue #121)
* Server - [improvement] Updated the login page.
* Server - [bug] Fixed SSL mixed content. (Issue #131)
* Server - [improvement] Added a check for the PHP json module. (Issue #133)
* Server - [feature] Supports additional configuration previews. (Issue #130)

1.2.3 (2014-06-04)
==================
* Server - [feature] Client auto upgrade minimum version are now dynamic.
* Client - [bug] Fixed client auto upgrades. (Issue #103)
* Client - [bug] Fixed PHP errors.
* Server - Added dependency check for posix php module.

1.2.2 (2014-05-16)
==================
* Both   - [bug] Fixed client upgrade errors. (Issue #94)

1.2.1 (2014-05-15)
==================
* Both   - [bug] Fixed client upgrade versioning. (Issue #93)

1.2 (2014-05-14)
================
* Server - Improved password strength settings description.
* Server - Combined general and module settings in one menu.
* Server - Added file extensions to all redirects and links.
* Server - Changed font to Open Sans.
* Server - CSS tweaks to improve UI on Linux systems. (Issue #86)
* Server - [feature] Added framework for customizable UI record sorting for use
           with all modules. (Issue #81)
* Server - Cleaned up code.
* Server - Help file links now open in the parent window instead of the popup.
* Server - Created error page template.
* Server - Added support for module options in fM options table.
* Server - [feature] Redesigned how user capabilities are handled which also
           supports user changes without the need for reauthentication.
* Server - [bug] New user creations would not save the defined default module.
* Server - Built-in users can edit more of their profile information.
* Server - [feature] Added support for a flag to reset the authentication method
           to 'none' in case of a lockout.
* Server - [bug] Fixed a case where changing authentication method would throw
           an error.
* Both   - Added file extensions to all redirects and links.
* Server - [feature] Redesigned menuing platform for more flexibility.  This
           includes hiding menu items to users without proper access.
* Server - [feature] Added functions to check for php max_input_vars. (Issue #87)
* Server - Added help file link to issue tracker.

1.1.2 (2014-04-03)
==================
* Server - [bug] Fixed password reset typo.
* Server - [feature] Added favicon.
* Server - [feature] Improved rewrite check. (Issue #76)

1.1.1 (2014-03-24)
==================
* Server - [feature] Databases can now be created outside of the
           installer. (Issue #72)
* Server - Improved installer and upgrader error handling.
* Server - [feature] Added function comments.
* Server - [feature] Modules can now be uninstalled if they are deactivated and
           there is an upgrade available.

1.1 (2014-03-18)
================
* Server - [feature] Updated menu navigation which also added visual badges that
           require user attention.
* Server - [feature] Updated some visual effects.
* Server - [feature] Client installs now ensure the module is active before
           continuing the installation process.
* Client - [feature] Detects if PHP CGI is running instead of CLI. (Issue #45)
* Server - [feature] Added scroll to top link.
* Server - [feature] Checks for the required .htaccess file and attempts to create
           it if missing.
* Server - [feature] Added ability to update to non-stable releases.
* Server - [feature] Updated settings pages jquery.
* Both   - [feature] Added support to auto-update client files. (Issue #53)
* Client - [feature] Added an argument to display the version.

1.0.2 (2013-12-31)
==================
* Server - [bug] Fixed issue where installer would report inability to write
           the configuration file when the server directory had the
           appropriate permissions.
* Both   - [bug] Fixed an issue where client installation would fail when 
           checking account details.

1.0.1 (2013-12-24)
==================
* Client - [bug] Added more error handling in isolated install issues.
* Server - [bug] Enabled update checks by default.

1.0 (2013-12-16)
================
* Server - Removed enable/disable option for template user accounts.
* Server - [bug] Can no longer delete the active template user account.
* Server - Updated css and jquery animations.
* Server - [feature] User password strength is now selectable in the settings.
* Server - Improved logging of settings changes.
* Server - [feature] Customizable app update checks.
* Server - CSS tweaks.
* Server - [feature] fM software update checks are now customizable.
* Server - [feature] User accounts can now set their default module to use.
* Server - [bug] Fixed an issue where clients would report as installed
           when the installation was not complete.

1.0-rc6-1 (2013-11-07)
======================
* Server - [bug] Fixed an issue were servers could not be added. (Issue #34)

1.0-rc6 (2013-11-06)
====================
* Server - [feature] Server config builds now prompt for confirmation.
* Server - [bug] Fixed installer password validity background display.
* Server - [feature] Serial number generation now checks all module server tables
           for unique values.
* Server - [bug] Fixed some PHP errors.
* Server - [bug] Ensures current module is active.
* Client - [feature] Added install support for multiple modules.
* Client - Improved Linux distro detection.

1.0-rc5 (2013-10-16)
====================
* Server - [bug] Code clean up.
* Server - [bug] Changed date items to date type.
* Client - [bug] Fixed client sudoers line.
* Server - [feature] Added more graphical elements.

1.0-rc4 (2013-10-14)
====================
* Server - [bug] Fixed issue where modules could be 'upgraded' to an older version.
* Server - [bug] Fixed issue with admin log searching.
* Server - [feature] Module upgrades now inform user to upgrade client files
           upon completion. (Issue #23)
* Server - [feature] Added support to show/hide application errors.

1.0-rc3 (2013-09-30)
====================
* Server - [bug] Improved validateNumber() javascript function.
* Server - [feature] Added option to enforce HTTPS.

1.0-rc2 (2013-09-18)
====================
* Server - [feature] Integrated installation and upgrade instructions into
           the README. (Issue #18)
* Server - [feature] Added additional OS-specific installation instructions.
           (Issue #1)
* Server - [feature] Updated some jquery functions.

1.0-rc1 (2013-09-13)
====================
* Server - [feature] Added ability to change the displayed datetime format and
           set the timezone.
* Server - [feature] Added ad-hoc database backup functionality.
* Server - [feature] Added LDAP authentication support. (Issue #10)
* Server - [feature] Updated help files.

1.0-b15 (2013-09-04)
====================
* Server - [feature] Added search capabilities to the admin logs page. (Issue #3)

1.0-b14 (2013-09-03)
====================
* Server - [feature] Minor change to forgotton password email.
* Server - [bug] Fixed an issue with module upgrades.
* Server - [feature] Added more error checking.

1.0-b13 (2013-08-28)
====================
* Server - [feature] Added Admin->Settings menu item to set authentication and
           mailing methods.
* Server - [feature] Can now disable authentication thus using only the default
           super-admin user account.
* Server - [feature] Set several tables to INNODB.
* Server - [feature] Added support to email password reset links. (Issue #12)
* Server - [feature] Added support for modules to have more granular user
           permissions. (Issue #7)

1.0-b12 (2013-08-23)
====================
* Server - [bug] Fixed database clean up bug.
* Server - [feature] Supports pressing the ESC button to cancel a window.
* Server - [bug] Fixed module installation output.
* Server - [feature] Replaced logout button with account menu.
* Server - [feature] Redesigned user management page.
* Server - [security] Fixed an issue where user permissions could be removed
           unintentionally during a password change.
* Server - [security] Super-admins can no longer be demoted by non-super-admins
           nor themselves. (Issue #11)
* Server - [feature] Added option to enforce a user password change upon login.

1.0-b11 (2013-08-21)
====================
* Server - [feature] Help now pops out.

1.0-b10 (2013-08-14)
====================
* Server - [bug] Fixed post-upgrade redirection.

1.0-b9 (2013-08-14)
===================
* Server - [feature] Decreased the update check interval.
* Client - [feature] Added PHP version check.

1.0-b7 (2013-08-13)
===================
* Server - [feature] Updated version checks.
* Server - [bug] Improved installation to prevent duplicate entries.
* Server - [feature] Improved application requirement checks. (Issue #1)
* Server - [feature] Improved user creation and modification.

1.0-b6 (2013-08-13)
===================
* Server - [feature] Added mod_rewrite check. (Issue #1)
* Server - [bug] Fixed relative pathing issue.
* Server - [feature] User no longer gets redirected to the dashboard after
           authentication.

1.0-b5 (2013-08-10)
===================
* Server - [feature] Added module version checks.
* Server - [feature] Improved upgrade process.

1.0-b4 (2013-08-09)
===================
* Initial release.
