1.3-alpha1 (2016-09-07)
=======================
* Server - [bug] Added missing translation text and removed duplicates.
* Server - [feature] Use mysqli functions where available. (Issue #343)

1.2.3 (2016-07-21)
==================
* Server - [improvement] AJAX now redirects to login page when fM and module
           database updates are required.

1.2.2 (2016-04-24)
==================
* Server - [improvement] Updated help file.
* Server - [bug] Under certain browsers, the jQuery would not execute. (Issue #298)

1.2.1 (2016-03-11)
==================
* Server - [bug] Enclosed database references in backticks in SQL statements. (Issue #290)

1.2 (2015-12-02)
================
* Server - [feature] Added user group support. (Issue #211)
* Server - [improvement] Replaced Add New image with Font Awesome icon.

1.1 (2015-04-27)
================
* Server - [feature] Added support for menu bar notifications. (Issue #116)
* Server - [bug] Fixed bulk action checkbox logic.
* Server - [bug] Fixed password setting form and output logic.
* Server - [improvement] jQuery is now used to enable/disable items.

1.0.1 (2014-08-20)
==================
* Server - [improvement] Gave the popups a facelift.
* Server - [improvement] Fixed sort order of several pages. (Issue #117)
* Server - [improvement] Cleaned up some code.

1.0 (2014-05-14)
================
* Server - Added file extensions to all redirects and links.
* Server - Cleaned up code.
* Server - [security] Fixed an issue where unpriviledged users could save module
           settings.
* Server - Moved module options into fM options table.
* Server - Uses new fM user capabilities backend.
* Server - Uses new fM menu platform.

1.0-b7 (2014-03-24)
===================
* Server - Improved installer and upgrader error handling.

1.0-b6 (2014-03-18)
===================
* Server - Moved js toggle function to be shared.
* Server - Improved upgrade error handling.

1.0-b5 (2013-12-16)
===================
* Server - [bug] Fixed false error reporting. (Issue #36)
* Server - Updated jquery animations.

1.0-b4 (2013-11-06)
===================
* Server - [feature] Added server type support checks.

1.0-b3 (2013-10-16)
===================
* Server - Changed color of disabled items.

1.0-b2 (2013-10-14)
===================
* Server - [feature] Added option to specify database server port.

1.0-b1 (2013-09-30)
===================
* Initial release.
