1.0-b5 (2014-04-??)
===================
* Server - [feature] Added support for bulk server config builds. (Issue #71)
* Server - Added file extensions to all redirects and links.
* Server - Cleaned up code.
* Server - Moved module options into fM options table.
* Server - [security] Fixed a bug that could allow a user to manage object groups
           without permission to manage objects.

1.0-b4 (2014-03-24)
===================
* Server - Improved installer and upgrader error handling.

1.0-b3 (2014-03-18)
===================
* Server - [feature] Added visual effects for things that need user attention.
* Both   - [feature] Added support to auto-update client files. (Issue #53)
* Server - Improved upgrade error handling.

1.0-b2 (2013-12-24)
===================
* Server - [bug] Server update method can no longer be changed
           from the webui if the server is installed. (Issue #54)

1.0-b1 (2013-12-16)
===================
* Initial release.
